2020-04-23 10:45:59.360 INFO [login:47] - [2ersSp1587609959]登陆成功uId:<admin>
2020-04-23 11:45:41.126 INFO [login:47] - [vnOSaF1587613541]登陆成功uId:<admin>
2020-04-23 12:35:25.572 INFO [login:47] - [2aQLPc1587616525]登陆成功uId:<admin>
2020-04-23 12:41:18.597 INFO [login:47] - [21npo41587616878]登陆成功uId:<admin>
2020-04-23 13:13:18.240 INFO [login:47] - [CxMRne1587618798]登陆成功uId:<admin>
2020-04-23 14:13:27.308 INFO [login:47] - [O7D2WW1587622407]登陆成功uId:<admin>
2020-04-23 14:14:28.476 INFO [login:47] - [Lqb6Pk1587622468]登陆成功uId:<admin>
2020-04-23 14:26:09.506 INFO [login:47] - [ncs5yp1587623169]登陆成功uId:<admin>
2020-04-23 14:27:27.133 INFO [login:47] - [ZDh7GE1587623247]登陆成功uId:<admin>
2020-04-23 14:28:13.604 INFO [login:47] - [FEI3Cf1587623293]登陆成功uId:<admin>
2020-04-23 14:28:39.624 INFO [login:47] - [357e8I1587623319]登陆成功uId:<admin>
2020-04-23 14:30:04.412 INFO [login:47] - [ncs5yp1587623169]登陆成功uId:<admin>
2020-04-23 14:30:16.397 INFO [login:47] - [357e8I1587623319]登陆成功uId:<admin>
2020-04-23 14:41:00.102 INFO [login:47] - [yJWqy51587624060]登陆成功uId:<student>
2020-04-23 14:59:49.972 INFO [login:47] - [57VNTx1587625189]登陆成功uId:<student>
2020-04-23 15:12:24.253 INFO [login:47] - [e8G5kg1587625944]登陆成功uId:<student>
2020-04-23 15:53:20.882 INFO [login:47] - [HcCrwi1587628400]登陆成功uId:<student>
2020-04-23 15:55:12.357 INFO [login:47] - [8XISC91587628512]登陆成功uId:<admin>
2020-04-23 16:20:41.690 INFO [login:47] - [nsI8oc1587630041]登陆成功uId:<admin>
2020-04-23 16:26:23.269 INFO [login:47] - [4tNx2R1587630383]登陆成功uId:<admin>
2020-04-23 16:29:26.462 INFO [login:47] - [YezZnz1587630566]登陆成功uId:<admin>
2020-04-23 19:01:17.961 INFO [login:47] - [oj3Wg91587639677]登陆成功uId:<admin>
