2020-04-22 10:44:22.686 INFO [login:47] - [YZUdod1587523462]登陆成功uId:<admin>
2020-04-22 12:03:01.168 INFO [login:47] - [IGHOLn1587528181]登陆成功uId:<admin>
2020-04-22 12:16:50.690 INFO [login:47] - [zLNZoc1587529010]登陆成功uId:<admin>
2020-04-22 12:19:10.044 INFO [login:47] - [ZBhfpr1587529150]登陆成功uId:<admin>
2020-04-22 15:47:12.422 INFO [login:47] - [7cc4XK1587541632]登陆成功uId:<admin>
2020-04-22 15:47:52.842 INFO [login:47] - [fbCrDe1587541672]登陆成功uId:<admin>
2020-04-22 15:55:53.739 INFO [login:47] - [HM2ywb1587542153]登陆成功uId:<admin>
2020-04-22 16:01:00.432 INFO [login:47] - [RvxQjS1587542460]登陆成功uId:<admin>
2020-04-22 16:03:32.214 INFO [login:47] - [IYvumB1587542612]登陆成功uId:<admin>
2020-04-22 16:18:24.843 INFO [login:47] - [HM2ywb1587542153]登陆成功uId:<admin>
2020-04-22 16:30:18.153 INFO [login:47] - [NlFOee1587544218]登陆成功uId:<admin>
2020-04-22 16:35:31.568 INFO [login:47] - [IYvumB1587542612]登陆成功uId:<admin>
2020-04-22 16:39:11.619 INFO [login:47] - [RvxQjS1587542460]登陆成功uId:<admin>
2020-04-22 16:48:34.927 INFO [login:47] - [NlFOee1587544218]登陆成功uId:<admin>
2020-04-22 16:53:05.648 INFO [login:47] - [CiREcx1587545585]登陆成功uId:<admin>
2020-04-22 17:00:48.690 INFO [login:47] - [AF6oRx1587546048]登陆成功uId:<admin>
2020-04-22 17:02:50.817 INFO [login:47] - [51n7FH1587546170]登陆成功uId:<admin>
2020-04-22 17:04:30.546 INFO [login:47] - [YGrhAR1587546270]登陆成功uId:<admin>
2020-04-22 17:07:19.366 INFO [login:47] - [TAPoc61587546439]登陆成功uId:<admin>
2020-04-22 17:07:52.112 INFO [login:47] - [R4Jj051587546472]登陆成功uId:<admin>
2020-04-22 17:13:55.540 INFO [login:47] - [gUVlQW1587546835]登陆成功uId:<admin>
2020-04-22 17:21:44.213 INFO [login:47] - [2QF6dw1587547304]登陆成功uId:<admin>
2020-04-22 17:29:28.390 INFO [login:47] - [WmVxvE1587547768]登陆成功uId:<admin>
2020-04-22 17:56:08.951 INFO [login:47] - [xYT3D91587549368]登陆成功uId:<admin>
2020-04-22 18:25:02.230 INFO [login:47] - [e1DzJW1587551102]登陆成功uId:<admin>
2020-04-22 19:37:20.002 INFO [login:47] - [kg4Oyo1587555440]登陆成功uId:<admin>
2020-04-22 20:09:45.128 INFO [login:47] - [kg4Oyo1587555440]登陆成功uId:<admin>
2020-04-22 20:19:34.580 INFO [login:47] - [SpY0ix1587557974]登陆成功uId:<admin>
2020-04-22 20:39:45.971 INFO [login:47] - [FvocVU1587559185]登陆成功uId:<admin>
2020-04-22 21:41:18.860 INFO [login:47] - [6m2xgG1587562878]登陆成功uId:<admin>
